[debug] ----------------------------------------------------------------------
[debug] Command:      /usr/bin/nodejs /usr/bin/firebase deploy
[debug] CLI Version:  3.0.7
[debug] Platform:     linux
[debug] Node Version: v6.7.0
[debug] Time:         Sun Oct 02 2016 00:48:48 GMT+0300 (EEST)
[debug] ----------------------------------------------------------------------
[debug] 
[debug] > command requires scopes: ["email","openid","https://www.googleapis.com/auth/cloudplatformprojects.readonly","https://www.googleapis.com/auth/firebase"]
[debug] > refreshing access token with scopes: ["email","https://www.googleapis.com/auth/cloudplatformprojects.readonly","https://www.googleapis.com/auth/firebase","openid"]
[debug] >>> HTTP REQUEST POST https://www.googleapis.com/oauth2/v3/token
[debug] <<< HTTP RESPONSE 200
[debug] >>> HTTP REQUEST GET https://admin.firebase.com/v1/projects/themovies-db 
[debug] <<< HTTP RESPONSE 200
[debug] >>> HTTP REQUEST GET https://admin.firebase.com/v1/database/themovies-db/tokens 
[debug] <<< HTTP RESPONSE 200
[info] 
[info] === Deploying to 'themovies-db'...
[info] 
[info] i  deploying database, hosting
[info] ✔  database: rules ready to deploy.
[info] i  hosting: preparing movies-db directory for upload...
[debug] >>> HTTP REQUEST PUT https://deploy.firebase.com/v1/hosting/themovies-db/uploads/-KT1D90XqAGz-taTtfhk?fileCount=163&message= 
[debug] <<< HTTP RESPONSE 200
[info] ✔  hosting: movies-db folder uploaded successfully
